<?xml version="1.0" encoding="UTF-8"?>
<testng-results skipped="0" failed="0" ignored="0" total="1" passed="1">
  <reporter-output>
    <line>
      <![CDATA[open browser]]>
    </line>
    <line>
      <![CDATA[login acoount]]>
    </line>
    <line>
      <![CDATA[Hi]]>
    </line>
    <line>
      <![CDATA[logout acoount]]>
    </line>
    <line>
      <![CDATA[close browser]]>
    </line>
  </reporter-output>
  <suite name="Default suite" duration-ms="13493" started-at="2022-10-07T23:34:06 IST" finished-at="2022-10-07T23:34:20 IST">
    <groups>
    </groups>
    <test name="Default test" duration-ms="13493" started-at="2022-10-07T23:34:06 IST" finished-at="2022-10-07T23:34:20 IST">
      <class name="com.automation.testscript.LoginActi">
        <test-method status="PASS" signature="openBrowser()[pri:0, instance:com.automation.testscript.LoginActi@5f3a4b84]" name="openBrowser" is-config="true" duration-ms="2737" started-at="2022-10-07T23:34:06 IST" finished-at="2022-10-07T23:34:09 IST">
          <reporter-output>
            <line>
              <![CDATA[open browser]]>
            </line>
          </reporter-output>
        </test-method> <!-- openBrowser -->
        <test-method status="PASS" signature="login()[pri:0, instance:com.automation.testscript.LoginActi@5f3a4b84]" name="login" is-config="true" duration-ms="5977" started-at="2022-10-07T23:34:09 IST" finished-at="2022-10-07T23:34:15 IST">
          <reporter-output>
            <line>
              <![CDATA[login acoount]]>
            </line>
          </reporter-output>
        </test-method> <!-- login -->
        <test-method status="PASS" signature="loginAccount()[pri:0, instance:com.automation.testscript.LoginActi@5f3a4b84]" name="loginAccount" duration-ms="8" started-at="2022-10-07T23:34:15 IST" finished-at="2022-10-07T23:34:15 IST">
          <reporter-output>
            <line>
              <![CDATA[Hi]]>
            </line>
          </reporter-output>
        </test-method> <!-- loginAccount -->
        <test-method status="PASS" signature="logout()[pri:0, instance:com.automation.testscript.LoginActi@5f3a4b84]" name="logout" is-config="true" duration-ms="4578" started-at="2022-10-07T23:34:15 IST" finished-at="2022-10-07T23:34:20 IST">
          <reporter-output>
            <line>
              <![CDATA[logout acoount]]>
            </line>
          </reporter-output>
        </test-method> <!-- logout -->
        <test-method status="PASS" signature="closeBrowser()[pri:0, instance:com.automation.testscript.LoginActi@5f3a4b84]" name="closeBrowser" is-config="true" duration-ms="146" started-at="2022-10-07T23:34:20 IST" finished-at="2022-10-07T23:34:20 IST">
          <reporter-output>
            <line>
              <![CDATA[close browser]]>
            </line>
          </reporter-output>
        </test-method> <!-- closeBrowser -->
      </class> <!-- com.automation.testscript.LoginActi -->
    </test> <!-- Default test -->
  </suite> <!-- Default suite -->
</testng-results>
